# JRE version: OpenJDK Runtime Environment 18.9 (11.0.11+9) (build 11.0.11+9)
# Java VM: OpenJDK 64-Bit Server VM 18.9 (11.0.11+9, mixed mode, tiered, compressed oops, g1 gc, windows-amd64)
Heap:
 garbage-first heap   total 454656K, used 261409K [0x0000000740000000, 0x0000000800000000)
  region size 1024K, 32 young (32768K), 3 survivors (3072K)
 Metaspace       used 130084K, capacity 132691K, committed 132908K, reserved 1163264K
  class space    used 17874K, capacity 18984K, committed 19072K, reserved 1048576K
GC Heap History (20 events):
Event: 4978.737 GC heap before
{Heap before GC invocations=574 (full 35):
 garbage-first heap   total 454656K, used 282946K [0x0000000740000000, 0x0000000800000000)
  region size 1024K, 60 young (61440K), 1 survivors (1024K)
 Metaspace       used 129843K, capacity 132457K, committed 132652K, reserved 1163264K
  class space    used 17851K, capacity 18949K, committed 19072K, reserved 1048576K
}
Event: 4978.738 GC heap after
{Heap after GC invocations=575 (full 35):
 garbage-first heap   total 454656K, used 222572K [0x0000000740000000, 0x0000000800000000)
  region size 1024K, 1 young (1024K), 1 survivors (1024K)
 Metaspace       used 129843K, capacity 132457K, committed 132652K, reserved 1163264K
  class space    used 17851K, capacity 18949K, committed 19072K, reserved 1048576K
}
Event: 4980.581 GC heap before
{Heap before GC invocations=575 (full 35):
 garbage-first heap   total 454656K, used 282988K [0x0000000740000000, 0x0000000800000000)
  region size 1024K, 60 young (61440K), 1 survivors (1024K)
 Metaspace       used 129844K, capacity 132457K, committed 132652K, reserved 1163264K
  class space    used 17851K, capacity 18949K, committed 19072K, reserved 1048576K
}
Event: 4980.583 GC heap after
{Heap after GC invocations=576 (full 35):
 garbage-first heap   total 454656K, used 222799K [0x0000000740000000, 0x0000000800000000)
  region size 1024K, 1 young (1024K), 1 survivors (1024K)
 Metaspace       used 129844K, capacity 132457K, committed 132652K, reserved 1163264K
  class space    used 17851K, capacity 18949K, committed 19072K, reserved 1048576K
}
Event: 4981.171 GC heap before
{Heap before GC invocations=577 (full 35):
 garbage-first heap   total 454656K, used 283215K [0x0000000740000000, 0x0000000800000000)
  region size 1024K, 60 young (61440K), 1 survivors (1024K)
 Metaspace       used 129845K, capacity 132457K, committed 132652K, reserved 1163264K
  class space    used 17851K, capacity 18949K, committed 19072K, reserved 1048576K
}
Event: 4981.172 GC heap after
{Heap after GC invocations=578 (full 35):
 garbage-first heap   total 454656K, used 222723K [0x0000000740000000, 0x0000000800000000)
  region size 1024K, 1 young (1024K), 1 survivors (1024K)
 Metaspace       used 129845K, capacity 132457K, committed 132652K, reserved 1163264K
  class space    used 17851K, capacity 18949K, committed 19072K, reserved 1048576K
}
Event: 4982.075 GC heap before
{Heap before GC invocations=578 (full 35):
 garbage-first heap   total 454656K, used 283139K [0x0000000740000000, 0x0000000800000000)
  region size 1024K, 60 young (61440K), 1 survivors (1024K)
 Metaspace       used 129845K, capacity 132457K, committed 132652K, reserved 1163264K
  class space    used 17851K, capacity 18949K, committed 19072K, reserved 1048576K
}
Event: 4982.076 GC heap after
{Heap after GC invocations=579 (full 35):
 garbage-first heap   total 454656K, used 222743K [0x0000000740000000, 0x0000000800000000)
  region size 1024K, 1 young (1024K), 1 survivors (1024K)
 Metaspace       used 129845K, capacity 132457K, committed 132652K, reserved 1163264K
  class space    used 17851K, capacity 18949K, committed 19072K, reserved 1048576K
}
Event: 4987.489 GC heap before
{Heap before GC invocations=580 (full 35):
 garbage-first heap   total 454656K, used 283159K [0x0000000740000000, 0x0000000800000000)
  region size 1024K, 60 young (61440K), 1 survivors (1024K)
 Metaspace       used 130035K, capacity 132687K, committed 132908K, reserved 1163264K
  class space    used 17867K, capacity 18983K, committed 19072K, reserved 1048576K
}
Event: 4987.491 GC heap after
{Heap after GC invocations=581 (full 35):
 garbage-first heap   total 454656K, used 223260K [0x0000000740000000, 0x0000000800000000)
  region size 1024K, 2 young (2048K), 2 survivors (2048K)
 Metaspace       used 130035K, capacity 132687K, committed 132908K, reserved 1163264K
  class space    used 17867K, capacity 18983K, committed 19072K, reserved 1048576K
}
Event: 4988.214 GC heap before
{Heap before GC invocations=581 (full 35):
 garbage-first heap   total 454656K, used 282652K [0x0000000740000000, 0x0000000800000000)
  region size 1024K, 60 young (61440K), 2 survivors (2048K)
 Metaspace       used 130037K, capacity 132687K, committed 132908K, reserved 1163264K
  class space    used 17867K, capacity 18983K, committed 19072K, reserved 1048576K
}
Event: 4988.217 GC heap after
{Heap after GC invocations=582 (full 35):
 garbage-first heap   total 454656K, used 223440K [0x0000000740000000, 0x0000000800000000)
  region size 1024K, 2 young (2048K), 2 survivors (2048K)
 Metaspace       used 130037K, capacity 132687K, committed 132908K, reserved 1163264K
  class space    used 17867K, capacity 18983K, committed 19072K, reserved 1048576K
}
Event: 4991.359 GC heap before
{Heap before GC invocations=583 (full 35):
 garbage-first heap   total 454656K, used 282832K [0x0000000740000000, 0x0000000800000000)
  region size 1024K, 60 young (61440K), 2 survivors (2048K)
 Metaspace       used 130053K, capacity 132690K, committed 132908K, reserved 1163264K
  class space    used 17868K, capacity 18984K, committed 19072K, reserved 1048576K
}
Event: 4991.362 GC heap after
{Heap after GC invocations=584 (full 35):
 garbage-first heap   total 454656K, used 224215K [0x0000000740000000, 0x0000000800000000)
  region size 1024K, 2 young (2048K), 2 survivors (2048K)
 Metaspace       used 130053K, capacity 132690K, committed 132908K, reserved 1163264K
  class space    used 17868K, capacity 18984K, committed 19072K, reserved 1048576K
}
Event: 4992.066 GC heap before
{Heap before GC invocations=584 (full 35):
 garbage-first heap   total 454656K, used 236503K [0x0000000740000000, 0x0000000800000000)
  region size 1024K, 15 young (15360K), 2 survivors (2048K)
 Metaspace       used 130055K, capacity 132690K, committed 132908K, reserved 1163264K
  class space    used 17868K, capacity 18984K, committed 19072K, reserved 1048576K
}
Event: 4992.069 GC heap after
{Heap after GC invocations=585 (full 35):
 garbage-first heap   total 454656K, used 224001K [0x0000000740000000, 0x0000000800000000)
  region size 1024K, 2 young (2048K), 2 survivors (2048K)
 Metaspace       used 130055K, capacity 132690K, committed 132908K, reserved 1163264K
  class space    used 17868K, capacity 18984K, committed 19072K, reserved 1048576K
}
Event: 4992.079 GC heap before
{Heap before GC invocations=585 (full 35):
 garbage-first heap   total 454656K, used 226049K [0x0000000740000000, 0x0000000800000000)
  region size 1024K, 3 young (3072K), 2 survivors (2048K)
 Metaspace       used 130055K, capacity 132690K, committed 132908K, reserved 1163264K
  class space    used 17868K, capacity 18984K, committed 19072K, reserved 1048576K
}
Event: 4992.163 GC heap after
{Heap after GC invocations=586 (full 36):
 garbage-first heap   total 454656K, used 220985K [0x0000000740000000, 0x0000000800000000)
  region size 1024K, 0 young (0K), 0 survivors (0K)
 Metaspace       used 130055K, capacity 132690K, committed 132908K, reserved 1163264K
  class space    used 17868K, capacity 18984K, committed 19072K, reserved 1048576K
}
Event: 4992.383 GC heap before
{Heap before GC invocations=586 (full 36):
 garbage-first heap   total 454656K, used 237369K [0x0000000740000000, 0x0000000800000000)
  region size 1024K, 18 young (18432K), 0 survivors (0K)
 Metaspace       used 130065K, capacity 132691K, committed 132908K, reserved 1163264K
  class space    used 17868K, capacity 18984K, committed 19072K, reserved 1048576K
}
Event: 4992.384 GC heap after
{Heap after GC invocations=587 (full 36):
 garbage-first heap   total 454656K, used 223521K [0x0000000740000000, 0x0000000800000000)
  region size 1024K, 3 young (3072K), 3 survivors (3072K)
 Metaspace       used 130065K, capacity 132691K, committed 132908K, reserved 1163264K
  class space    used 17868K, capacity 18984K, committed 19072K, reserved 1048576K
}

